  router.c
c:\users\hyoje\source\repos\routingprotocol\router.c(48): warning C4996: 'scanf': This function or variable may be unsafe. Consider using scanf_s instead. To disable deprecation, use _CRT_SECURE_NO_WARNINGS. See online help for details.
  c:\program files (x86)\windows kits\10\include\10.0.17763.0\ucrt\stdio.h(1274): note: 'scanf' 선언을 참조하십시오.
c:\users\hyoje\source\repos\routingprotocol\router.c(50): warning C4996: 'scanf': This function or variable may be unsafe. Consider using scanf_s instead. To disable deprecation, use _CRT_SECURE_NO_WARNINGS. See online help for details.
  c:\program files (x86)\windows kits\10\include\10.0.17763.0\ucrt\stdio.h(1274): note: 'scanf' 선언을 참조하십시오.
c:\users\hyoje\source\repos\routingprotocol\router.c(54): warning C4996: 'scanf': This function or variable may be unsafe. Consider using scanf_s instead. To disable deprecation, use _CRT_SECURE_NO_WARNINGS. See online help for details.
  c:\program files (x86)\windows kits\10\include\10.0.17763.0\ucrt\stdio.h(1274): note: 'scanf' 선언을 참조하십시오.
c:\users\hyoje\source\repos\routingprotocol\router.c(56): warning C4996: 'scanf': This function or variable may be unsafe. Consider using scanf_s instead. To disable deprecation, use _CRT_SECURE_NO_WARNINGS. See online help for details.
  c:\program files (x86)\windows kits\10\include\10.0.17763.0\ucrt\stdio.h(1274): note: 'scanf' 선언을 참조하십시오.
c:\users\hyoje\source\repos\routingprotocol\router.c(70): warning C4996: 'inet_addr': Use inet_pton() or InetPton() instead or define _WINSOCK_DEPRECATED_NO_WARNINGS to disable deprecated API warnings
  c:\program files (x86)\windows kits\10\include\10.0.17763.0\um\winsock2.h(1831): note: 'inet_addr' 선언을 참조하십시오.
c:\users\hyoje\source\repos\routingprotocol\router.c(85): warning C4996: 'inet_addr': Use inet_pton() or InetPton() instead or define _WINSOCK_DEPRECATED_NO_WARNINGS to disable deprecated API warnings
  c:\program files (x86)\windows kits\10\include\10.0.17763.0\um\winsock2.h(1831): note: 'inet_addr' 선언을 참조하십시오.
c:\users\hyoje\source\repos\routingprotocol\router.c(132): warning C4996: 'scanf': This function or variable may be unsafe. Consider using scanf_s instead. To disable deprecation, use _CRT_SECURE_NO_WARNINGS. See online help for details.
  c:\program files (x86)\windows kits\10\include\10.0.17763.0\ucrt\stdio.h(1274): note: 'scanf' 선언을 참조하십시오.
c:\users\hyoje\source\repos\routingprotocol\router.c(39): warning C4101: 'message' :참조되지 않은 지역 변수입니다.
c:\users\hyoje\source\repos\routingprotocol\router.c(40): warning C4101: 'strLen' :참조되지 않은 지역 변수입니다.
c:\users\hyoje\source\repos\routingprotocol\router.c(40): warning C4101: 'i' :참조되지 않은 지역 변수입니다.
c:\users\hyoje\source\repos\routingprotocol\router.c(167): warning C4087: 'getchar': 'void' 매개 변수 목록을 사용하여 선언되었습니다.
c:\users\hyoje\source\repos\routingprotocol\router.c(183): warning C4101: 'strLen' :참조되지 않은 지역 변수입니다.
  RoutingProtocol.vcxproj -> C:\Users\hyoje\source\repos\RoutingProtocol\Debug\RoutingProtocol.exe
